<?xml version="1.0" encoding="UTF-8"?>
<!-- Generated by org.testng.reporters.JUnitXMLReporter -->
<testsuite hostname="DESKTOP-712FLGM" ignored="0" name="Test" tests="3" failures="0" timestamp="2020-06-02T19:19:45 CDT" time="0.082" errors="0">
  <testcase name="@BeforeTest generateReport" time="0.011" classname="com.hrms.testbase.BaseClass">
    <failure type="java.lang.Error" message="Unresolved compilation problems: 
	ConfigsReader cannot be resolved
	Constants cannot be resolved to a variable
	Constants cannot be resolved to a variable
	ConfigsReader cannot be resolved
	ConfigsReader cannot be resolved
">
      <![CDATA[java.lang.Error: Unresolved compilation problems: 
ConfigsReader cannot be resolved
Constants cannot be resolved to a variable
Constants cannot be resolved to a variable
ConfigsReader cannot be resolved
ConfigsReader cannot be resolved

at com.hrms.testbase.BaseClass.generateReport(BaseClass.java:35)
... Removed 24 stack frames]]>
    </failure>
  </testcase> <!-- @BeforeTest generateReport -->
  <testcase name="@BeforeMethod setUp" time="0.0" classname="com.hrms.testbase.BaseClass">
    <failure type="java.lang.Error" message="Unresolved compilation problems: 
	ConfigsReader cannot be resolved
	Constants cannot be resolved to a variable
	Constants cannot be resolved to a variable
	Constants cannot be resolved to a variable
	ConfigsReader cannot be resolved
">
      <![CDATA[java.lang.Error: Unresolved compilation problems: 
ConfigsReader cannot be resolved
Constants cannot be resolved to a variable
Constants cannot be resolved to a variable
Constants cannot be resolved to a variable
ConfigsReader cannot be resolved

at com.hrms.testbase.BaseClass.setUp(BaseClass.java:55)
at java.util.ArrayList.forEach(Unknown Source)
... Removed 31 stack frames]]>
    </failure>
  </testcase> <!-- @BeforeMethod setUp -->
  <testcase name="@BeforeMethod setUp" time="0.001" classname="com.hrms.testbase.BaseClass">
    <failure type="java.lang.Error" message="Unresolved compilation problems: 
	ConfigsReader cannot be resolved
	Constants cannot be resolved to a variable
	Constants cannot be resolved to a variable
	Constants cannot be resolved to a variable
	ConfigsReader cannot be resolved
">
      <![CDATA[java.lang.Error: Unresolved compilation problems: 
ConfigsReader cannot be resolved
Constants cannot be resolved to a variable
Constants cannot be resolved to a variable
Constants cannot be resolved to a variable
ConfigsReader cannot be resolved

at com.hrms.testbase.BaseClass.setUp(BaseClass.java:55)
at java.util.ArrayList.forEach(Unknown Source)
... Removed 31 stack frames]]>
    </failure>
  </testcase> <!-- @BeforeMethod setUp -->
  <testcase name="@BeforeMethod setUp" time="0.001" classname="com.hrms.testbase.BaseClass">
    <failure type="java.lang.Error" message="Unresolved compilation problems: 
	ConfigsReader cannot be resolved
	Constants cannot be resolved to a variable
	Constants cannot be resolved to a variable
	Constants cannot be resolved to a variable
	ConfigsReader cannot be resolved
">
      <![CDATA[java.lang.Error: Unresolved compilation problems: 
ConfigsReader cannot be resolved
Constants cannot be resolved to a variable
Constants cannot be resolved to a variable
Constants cannot be resolved to a variable
ConfigsReader cannot be resolved

at com.hrms.testbase.BaseClass.setUp(BaseClass.java:55)
at java.util.ArrayList.forEach(Unknown Source)
... Removed 31 stack frames]]>
    </failure>
  </testcase> <!-- @BeforeMethod setUp -->
  <testcase name="@AfterTest writeReport" time="0.005" classname="com.hrms.testbase.BaseClass">
    <failure type="java.lang.NullPointerException">
      <![CDATA[java.lang.NullPointerException
at com.hrms.testbase.BaseClass.writeReport(BaseClass.java:49)
... Removed 24 stack frames]]>
    </failure>
  </testcase> <!-- @AfterTest writeReport -->
  <testcase name="InvalidPasswordAdminLogin" time="0.0" classname="com.hrms.testcases.LoginTest">
    <skipped/>
  </testcase> <!-- InvalidPasswordAdminLogin -->
  <testcase name="emptyUsername" time="0.0" classname="com.hrms.testcases.LoginTest">
    <skipped/>
  </testcase> <!-- emptyUsername -->
  <testcase name="validAdminLogin" time="0.0" classname="com.hrms.testcases.LoginTest">
    <skipped/>
  </testcase> <!-- validAdminLogin -->
</testsuite> <!-- Test -->
