<?xml version="1.0" encoding="UTF-8"?>
<!-- Generated by org.testng.reporters.JUnitXMLReporter -->
<testsuite hostname="DESKTOP-712FLGM" ignored="16" name="Smoke Test" tests="2" failures="1" timestamp="2020-06-02T19:19:01 CDT" time="0.096" errors="0">
  <testcase name="@BeforeTest generateReport" time="0.027" classname="com.hrms.testbase.BaseClass">
    <failure type="java.lang.Error" message="Unresolved compilation problems: 
	ConfigsReader cannot be resolved
	Constants cannot be resolved to a variable
	Constants cannot be resolved to a variable
	ConfigsReader cannot be resolved
	ConfigsReader cannot be resolved
">
      <![CDATA[java.lang.Error: Unresolved compilation problems: 
ConfigsReader cannot be resolved
Constants cannot be resolved to a variable
Constants cannot be resolved to a variable
ConfigsReader cannot be resolved
ConfigsReader cannot be resolved

at com.hrms.testbase.BaseClass.generateReport(BaseClass.java:35)
... Removed 24 stack frames]]>
    </failure>
  </testcase> <!-- @BeforeTest generateReport -->
  <testcase name="@BeforeMethod setUp" time="0.001" classname="com.hrms.testbase.BaseClass">
    <failure type="java.lang.Error" message="Unresolved compilation problems: 
	ConfigsReader cannot be resolved
	Constants cannot be resolved to a variable
	Constants cannot be resolved to a variable
	Constants cannot be resolved to a variable
	ConfigsReader cannot be resolved
">
      <![CDATA[java.lang.Error: Unresolved compilation problems: 
ConfigsReader cannot be resolved
Constants cannot be resolved to a variable
Constants cannot be resolved to a variable
Constants cannot be resolved to a variable
ConfigsReader cannot be resolved

at com.hrms.testbase.BaseClass.setUp(BaseClass.java:55)
at java.util.ArrayList.forEach(Unknown Source)
... Removed 31 stack frames]]>
    </failure>
  </testcase> <!-- @BeforeMethod setUp -->
  <testcase name="@AfterTest writeReport" time="0.001" classname="com.hrms.testbase.BaseClass">
    <failure type="java.lang.NullPointerException">
      <![CDATA[java.lang.NullPointerException
at com.hrms.testbase.BaseClass.writeReport(BaseClass.java:49)
... Removed 24 stack frames]]>
    </failure>
  </testcase> <!-- @AfterTest writeReport -->
  <testcase name="loginCredentials" time="0.0" classname="com.hrms.testcases.FiveEmployees">
    <skipped/>
  </testcase> <!-- loginCredentials -->
  <testcase name="InvalidPasswordAdminLogin" time="0.015" classname="com.hrms.testcases.LoginTest">
    <failure type="java.lang.NullPointerException">
      <![CDATA[java.lang.NullPointerException
at com.hrms.testbase.Listener.onTestStart(Listener.java:24)
at java.util.ArrayList.forEach(Unknown Source)
... Removed 25 stack frames]]>
    </failure>
  </testcase> <!-- InvalidPasswordAdminLogin -->
  <testcase name="DefiningReport" time="0.0" classname="com.hrms.testcases.ReportsDefinition">
    <ignored/>
  </testcase> <!-- DefiningReport -->
  <testcase name="@BeforeTest generateReport" time="0.0" classname="com.hrms.testbase.BaseClass">
    <ignored/>
  </testcase> <!-- @BeforeTest generateReport -->
  <testcase name="@BeforeTest generateReport" time="0.0" classname="com.hrms.testbase.BaseClass">
    <ignored/>
  </testcase> <!-- @BeforeTest generateReport -->
  <testcase name="@BeforeTest generateReport" time="0.0" classname="com.hrms.testbase.BaseClass">
    <ignored/>
  </testcase> <!-- @BeforeTest generateReport -->
  <testcase name="@BeforeTest generateReport" time="0.0" classname="com.hrms.testbase.BaseClass">
    <ignored/>
  </testcase> <!-- @BeforeTest generateReport -->
  <testcase name="@BeforeTest generateReport" time="0.0" classname="com.hrms.testbase.BaseClass">
    <ignored/>
  </testcase> <!-- @BeforeTest generateReport -->
  <testcase name="requiredFields" time="0.0" classname="com.hrms.testcases.EmployeecCredentials">
    <ignored/>
  </testcase> <!-- requiredFields -->
  <testcase name="DefiningReport" time="0.0" classname="com.hrms.testcases.Excelcomplex">
    <ignored/>
  </testcase> <!-- DefiningReport -->
  <testcase name="verifylabels" time="0.0" classname="com.hrms.testcases.AddEmployee">
    <ignored/>
  </testcase> <!-- verifylabels -->
  <testcase name="@AfterTest writeReport" time="0.0" classname="com.hrms.testbase.BaseClass">
    <ignored/>
  </testcase> <!-- @AfterTest writeReport -->
  <testcase name="@AfterTest writeReport" time="0.0" classname="com.hrms.testbase.BaseClass">
    <ignored/>
  </testcase> <!-- @AfterTest writeReport -->
  <testcase name="@AfterTest writeReport" time="0.0" classname="com.hrms.testbase.BaseClass">
    <ignored/>
  </testcase> <!-- @AfterTest writeReport -->
  <testcase name="@AfterTest writeReport" time="0.0" classname="com.hrms.testbase.BaseClass">
    <ignored/>
  </testcase> <!-- @AfterTest writeReport -->
  <testcase name="@AfterTest writeReport" time="0.0" classname="com.hrms.testbase.BaseClass">
    <ignored/>
  </testcase> <!-- @AfterTest writeReport -->
  <testcase name="loginCredentials" time="0.0" classname="com.hrms.testcases.EmployeecCredentials">
    <ignored/>
  </testcase> <!-- loginCredentials -->
  <testcase name="verifyEmployee" time="0.0" classname="com.hrms.testcases.AddEmployee">
    <ignored/>
  </testcase> <!-- verifyEmployee -->
</testsuite> <!-- Smoke Test -->
